<?xml version="1.0" encoding="UTF-8"?>
<coverage generated="1662057426382" clover="3.2.0">
  <project timestamp="1662057426382" name="All files">
    <metrics statements="7" coveredstatements="4" conditionals="0" coveredconditionals="0" methods="3" coveredmethods="3" elements="10" coveredelements="7" complexity="0" loc="7" ncloc="7" packages="1" files="3" classes="3"/>
    <file name="scllib.component.ts" path="/Users/samirromdhani/Desktop/Workspace/Github/personal/lib/projects/scllib/src/lib/scllib.component.ts">
      <metrics statements="2" coveredstatements="2" conditionals="0" coveredconditionals="0" methods="2" coveredmethods="2"/>
      <line num="1" count="1" type="stmt"/>
      <line num="13" count="1" type="stmt"/>
    </file>
    <file name="scllib.module.ts" path="/Users/samirromdhani/Desktop/Workspace/Github/personal/lib/projects/scllib/src/lib/scllib.module.ts">
      <metrics statements="3" coveredstatements="0" conditionals="0" coveredconditionals="0" methods="0" coveredmethods="0"/>
      <line num="1" count="0" type="stmt"/>
      <line num="2" count="0" type="stmt"/>
      <line num="15" count="0" type="stmt"/>
    </file>
    <file name="scllib.service.ts" path="/Users/samirromdhani/Desktop/Workspace/Github/personal/lib/projects/scllib/src/lib/scllib.service.ts">
      <metrics statements="2" coveredstatements="2" conditionals="0" coveredconditionals="0" methods="1" coveredmethods="1"/>
      <line num="1" count="1" type="stmt"/>
      <line num="6" count="1" type="stmt"/>
    </file>
  </project>
</coverage>
